#
# A fatal error has been detected by the Java Runtime Environment:
#
#  EXCEPTION_ACCESS_VIOLATION (0xc0000005) at pc=0x00007ff95df8c54a, pid=27140, tid=25848
#
# JRE version: OpenJDK Runtime Environment Temurin-17.0.5+8 (17.0.5+8) (build 17.0.5+8)
# Java VM: OpenJDK 64-Bit Server VM Temurin-17.0.5+8 (17.0.5+8, mixed mode, sharing, tiered, compressed oops, compressed class ptrs, g1 gc, windows-amd64)
# Problematic frame:
# C  [lwjgl_opengl.dll+0xc54a]
#
# No core dump will be written. Minidumps are not enabled by default on client versions of Windows
#
# If you would like to submit a bug report, please visit:
#   https://github.com/adoptium/adoptium-support/issues
# The crash happened outside the Java Virtual Machine in native code.
# See problematic frame for where to report the bug.
#

---------------  S U M M A R Y ------------

Command Line: -XX:+ShowCodeDetailsInExceptionMessages src.Main

Host: AMD Ryzen 7 5800X3D 8-Core Processor           , 16 cores, 31G,  Windows 11 , 64 bit Build 22621 (10.0.22621.1635)
Time: Sat May 13 16:14:03 2023 Eastern Daylight Time elapsed time: 0.214286 seconds (0d 0h 0m 0s)

---------------  T H R E A D  ---------------

Current thread (0x000001c2d2debd80):  JavaThread "main" [_thread_in_native, id=25848, stack(0x00000067c7d00000,0x00000067c7e00000)]

Stack: [0x00000067c7d00000,0x00000067c7e00000],  sp=0x00000067c7dff268,  free space=1020k
Native frames: (J=compiled Java code, j=interpreted, Vv=VM code, C=native code)
C  [lwjgl_opengl.dll+0xc54a]

Java frames: (J=compiled Java code, j=interpreted, Vv=VM code)
j  org.lwjgl.opengl.GL11C.glDisable(I)V+0
j  org.lwjgl.opengl.GL11.glDisable(I)V+1
j  src.display.Window.createWindow(Ljava/lang/String;)V+50
j  src.Main.main([Ljava/lang/String;)V+21
v  ~StubRoutines::call_stub

siginfo: EXCEPTION_ACCESS_VIOLATION (0xc0000005), reading address 0x0000000000000008


Register to memory mapping:

RIP=0x00007ff95df8c54a lwjgl_opengl.dll
RAX=0x000001c283205320 points into unknown readable memory: 0x0000000000000000 | 00 00 00 00 00 00 00 00
RBX={method} {0x000001c282d1a570} 'glDisable' '(I)V' in 'org/lwjgl/opengl/GL11C'
RCX=0x0000000000000b71 is an unknown value
RDX=0x0 is NULL
RSP=0x00000067c7dff268 is pointing into the stack for thread: 0x000001c2d2debd80
RBP=0x00000067c7dff2e0 is pointing into the stack for thread: 0x000001c2d2debd80
RSI=0x00000067c7dff890 is pointing into the stack for thread: 0x000001c2d2debd80
RDI=0x000001c2dc0a94fe is at code_begin+1118 in an Interpreter codelet
return entry points  [0x000001c2dc0a90a0, 0x000001c2dc0a9ba0]  2816 bytes
R8 =0x0000000000000b71 is an unknown value
R9 =0x0000000000000002 is an unknown value
R10=0x000001c2dc0ad5f2 is at code_begin+946 in an Interpreter codelet
method entry point (kind = native)  [0x000001c2dc0ad240, 0x000001c2dc0adbc0]  2432 bytes
R11=0x00000006210f3628 is an oop: java.lang.Class 
{0x00000006210f3628} - klass: 'java/lang/Class'
 - ---- fields (total size 116 words):
 - private volatile transient 'classRedefinedCount' 'I' @12  0
 - private volatile transient 'cachedConstructor' 'Ljava/lang/reflect/Constructor;' @40  NULL (0)
 - private transient 'name' 'Ljava/lang/String;' @44  "org.lwjgl.opengl.GL11C"{0x00000006210f39d8} (c421e73b)
 - private transient 'module' 'Ljava/lang/Module;' @48  a 'java/lang/Module'{0x0000000621875c08} (c430eb81)
 - private final 'classLoader' 'Ljava/lang/ClassLoader;' @52  a 'jdk/internal/loader/ClassLoaders$AppClassLoader'{0x0000000621875a48} (c430eb49)
 - private transient 'classData' 'Ljava/lang/Object;' @56  NULL (0)
 - private transient 'packageName' 'Ljava/lang/String;' @60  "org.lwjgl.opengl"{0x000000062100d5c8} (c4201ab9)
 - private final 'componentType' 'Ljava/lang/Class;' @64  NULL (0)
 - private volatile transient 'reflectionData' 'Ljava/lang/ref/SoftReference;' @68  NULL (0)
 - private volatile transient 'genericInfo' 'Lsun/reflect/generics/repository/ClassRepository;' @72  NULL (0)
 - private volatile transient 'enumConstants' '[Ljava/lang/Object;' @76  NULL (0)
 - private volatile transient 'enumConstantDirectory' 'Ljava/util/Map;' @80  NULL (0)
 - private volatile transient 'annotationData' 'Ljava/lang/Class$AnnotationData;' @84  NULL (0)
 - private volatile transient 'annotationType' 'Lsun/reflect/annotation/AnnotationType;' @88  NULL (0)
 - transient 'classValueMap' 'Ljava/lang/ClassValue$ClassValueMap;' @92  NULL (0)
 - signature: Lorg/lwjgl/opengl/GL11C;
 - fake entry for mirror: 'org/lwjgl/opengl/GL11C'
 - fake entry for array: NULL
 - fake entry for oop_size: 116
 - fake entry for static_oop_field_count: 0
 - public static final 'GL_NEVER' 'I' @112  512 (200)
 - public static final 'GL_LESS' 'I' @116  513 (201)
 - public static final 'GL_EQUAL' 'I' @120  514 (202)
 - public static final 'GL_LEQUAL' 'I' @124  515 (203)
 - public static final 'GL_GREATER' 'I' @128  516 (204)
 - public static final 'GL_NOTEQUAL' 'I' @132  517 (205)
 - public static final 'GL_GEQUAL' 'I' @136  518 (206)
 - public static final 'GL_ALWAYS' 'I' @140  519 (207)
 - public static final 'GL_DEPTH_BUFFER_BIT' 'I' @144  256 (100)
 - public static final 'GL_STENCIL_BUFFER_BIT' 'I' @148  1024 (400)
 - public static final 'GL_COLOR_BUFFER_BIT' 'I' @152  16384 (4000)
 - public static final 'GL_POINTS' 'I' @156  0
 - public static final 'GL_LINES' 'I' @160  1
 - public static final 'GL_LINE_LOOP' 'I' @164  2
 - public static final 'GL_LINE_STRIP' 'I' @168  3
 - public static final 'GL_TRIANGLES' 'I' @172  4
 - public static final 'GL_TRIANGLE_STRIP' 'I' @176  5
 - public static final 'GL_TRIANGLE_FAN' 'I' @180  6
 - public static final 'GL_QUADS' 'I' @184  7
 - public static final 'GL_ZERO' 'I' @188  0
 - public static final 'GL_ONE' 'I' @192  1
 - public static final 'GL_SRC_COLOR' 'I' @196  768 (300)
 - public static final 'GL_ONE_MINUS_SRC_COLOR' 'I' @200  769 (301)
 - public static final 'GL_SRC_ALPHA' 'I' @204  770 (302)
 - public static final 'GL_ONE_MINUS_SRC_ALPHA' 'I' @208  771 (303)
 - public static final 'GL_DST_ALPHA' 'I' @212  772 (304)
 - public static final 'GL_ONE_MINUS_DST_ALPHA' 'I' @216  773 (305)
 - public static final 'GL_DST_COLOR' 'I' @220  774 (306)
 - public static final 'GL_ONE_MINUS_DST_COLOR' 'I' @224  775 (307)
 - public static final 'GL_SRC_ALPHA_SATURATE' 'I' @228  776 (308)
 - public static final 'GL_TRUE' 'I' @232  1
 - public static final 'GL_FALSE' 'I' @236  0
 - public static final 'GL_BYTE' 'I' @240  5120 (1400)
 - public static final 'GL_UNSIGNED_BYTE' 'I' @244  5121 (1401)
 - public static final 'GL_SHORT' 'I' @248  5122 (1402)
 - public static final 'GL_UNSIGNED_SHORT' 'I' @252  5123 (1403)
 - public static final 'GL_INT' 'I' @256  5124 (1404)
 - public static final 'GL_UNSIGNED_INT' 'I' @260  5125 (1405)
 - public static final 'GL_FLOAT' 'I' @264  5126 (1406)
 - public static final 'GL_DOUBLE' 'I' @268  5130 (140a)
 - public static final 'GL_NONE' 'I' @272  0
 - public static final 'GL_FRONT_LEFT' 'I' @276  1024 (400)
 - public static final 'GL_FRONT_RIGHT' 'I' @280  1025 (401)
 - public static final 'GL_BACK_LEFT' 'I' @284  1026 (402)
 - public static final 'GL_BACK_RIGHT' 'I' @288  1027 (403)
 - public static final 'GL_FRONT' 'I' @292  1028 (404)
 - public static final 'GL_BACK' 'I' @296  1029 (405)
 - public static final 'GL_LEFT' 'I' @300  1030 (406)
 - public static final 'GL_RIGHT' 'I' @304  1031 (407)
 - public static final 'GL_FRONT_AND_BACK' 'I' @308  1032 (408)
 - public static final 'GL_NO_ERROR' 'I' @312  0
 - public static final 'GL_INVALID_ENUM' 'I' @316  1280 (500)
 - public static final 'GL_INVALID_VALUE' 'I' @320  1281 (501)
 - public static final 'GL_INVALID_OPERATION' 'I' @324  1282 (502)
 - public static final 'GL_STACK_OVERFLOW' 'I' @328  1283 (503)
 - public static final 'GL_STACK_UNDERFLOW' 'I' @332  1284 (504)
 - public static final 'GL_OUT_OF_MEMORY' 'I' @336  1285 (505)
 - public static final 'GL_CW' 'I' @340  2304 (900)
 - public static final 'GL_CCW' 'I' @344  2305 (901)
 - public static final 'GL_POINT_SIZE' 'I' @348  2833 (b11)
 - public static final 'GL_POINT_SIZE_RANGE' 'I' @352  2834 (b12)
 - public static final 'GL_POINT_SIZE_GRANULARITY' 'I' @356  2835 (b13)
 - public static final 'GL_LINE_SMOOTH' 'I' @360  2848 (b20)
 - public static final 'GL_LINE_WIDTH' 'I' @364  2849 (b21)
 - public static final 'GL_LINE_WIDTH_RANGE' 'I' @368  2850 (b22)
 - public static final 'GL_LINE_WIDTH_GRANULARITY' 'I' @372  2851 (b23)
 - public static final 'GL_POLYGON_MODE' 'I' @376  2880 (b40)
 - public static final 'GL_POLYGON_SMOOTH' 'I' @380  2881 (b41)
 - public static final 'GL_CULL_FACE' 'I' @384  2884 (b44)
 - public static final 'GL_CULL_FACE_MODE' 'I' @388  2885 (b45)
 - public static final 'GL_FRONT_FACE' 'I' @392  2886 (b46)
 - public static final 'GL_DEPTH_RANGE' 'I' @396  2928 (b70)
 - public static final 'GL_DEPTH_TEST' 'I' @400  2929 (b71)
 - public static final 'GL_DEPTH_WRITEMASK' 'I' @404  2930 (b72)
 - public static final 'GL_DEPTH_CLEAR_VALUE' 'I' @408  2931 (b73)
 - public static final 'GL_DEPTH_FUNC' 'I' @412  2932 (b74)
 - public static final 'GL_STENCIL_TEST' 'I' @416  2960 (b90)
 - public static final 'GL_STENCIL_CLEAR_VALUE' 'I' @420  2961 (b91)
 - public static final 'GL_STENCIL_FUNC' 'I' @424  2962 (b92)
 - public static final 'GL_STENCIL_VALUE_MASK' 'I' @428  2963 (b93)
 - public static final 'GL_STENCIL_FAIL' 'I' @432  2964 (b94)
 - public static final 'GL_STENCIL_PASS_DEPTH_FAIL' 'I' @436  2965 (b95)
 - public static final 'GL_STENCIL_PASS_DEPTH_PASS' 'I' @440  2966 (b96)
 - public static final 'GL_STENCIL_REF' 'I' @444  2967 (b97)
 - public static final 'GL_STENCIL_WRITEMASK' 'I' @448  2968 (b98)
 - public static final 'GL_VIEWPORT' 'I' @452  2978 (ba2)
 - public static final 'GL_DITHER' 'I' @456  3024 (bd0)
 - public static final 'GL_BLEND_DST' 'I' @460  3040 (be0)
 - public static final 'GL_BLEND_SRC' 'I' @464  3041 (be1)
 - public static final 'GL_BLEND' 'I' @468  3042 (be2)
 - public static final 'GL_LOGIC_OP_MODE' 'I' @472  3056 (bf0)
 - public static final 'GL_COLOR_LOGIC_OP' 'I' @476  3058 (bf2)
 - public static final 'GL_DRAW_BUFFER' 'I' @480  3073 (c01)
 - public static final 'GL_READ_BUFFER' 'I' @484  3074 (c02)
 - public static final 'GL_SCISSOR_BOX' 'I' @488  3088 (c10)
 - public static final 'GL_SCISSOR_TEST' 'I' @492  3089 (c11)
 - public static final 'GL_COLOR_CLEAR_VALUE' 'I' @496  3106 (c22)
 - public static final 'GL_COLOR_WRITEMASK' 'I' @500  3107 (c23)
 - public static final 'GL_DOUBLEBUFFER' 'I' @504  3122 (c32)
 - public static final 'GL_STEREO' 'I' @508  3123 (c33)
 - public static final 'GL_LINE_SMOOTH_HINT' 'I' @512  3154 (c52)
 - public static final 'GL_POLYGON_SMOOTH_HINT' 'I' @516  3155 (c53)
 - public static final 'GL_UNPACK_SWAP_BYTES' 'I' @520  3312 (cf0)
 - public static final 'GL_UNPACK_LSB_FIRST' 'I' @524  3313 (cf1)
 - public static final 'GL_UNPACK_ROW_LENGTH' 'I' @528  3314 (cf2)
 - public static final 'GL_UNPACK_SKIP_ROWS' 'I' @532  3315 (cf3)
 - public static final 'GL_UNPACK_SKIP_PIXELS' 'I' @536  3316 (cf4)
 - public static final 'GL_UNPACK_ALIGNMENT' 'I' @540  3317 (cf5)
 - public static final 'GL_PACK_SWAP_BYTES' 'I' @544  3328 (d00)
 - public static final 'GL_PACK_LSB_FIRST' 'I' @548  3329 (d01)
 - public static final 'GL_PACK_ROW_LENGTH' 'I' @552  3330 (d02)
 - public static final 'GL_PACK_SKIP_ROWS' 'I' @556  3331 (d03)
 - public static final 'GL_PACK_SKIP_PIXELS' 'I' @560  3332 (d04)
 - public static final 'GL_PACK_ALIGNMENT' 'I' @564  3333 (d05)
 - public static final 'GL_MAX_TEXTURE_SIZE' 'I' @568  3379 (d33)
 - public static final 'GL_MAX_VIEWPORT_DIMS' 'I' @572  3386 (d3a)
 - public static final 'GL_SUBPIXEL_BITS' 'I' @576  3408 (d50)
 - public static final 'GL_TEXTURE_1D' 'I' @580  3552 (de0)
 - public static final 'GL_TEXTURE_2D' 'I' @584  3553 (de1)
 - public static final 'GL_TEXTURE_WIDTH' 'I' @588  4096 (1000)
 - public static final 'GL_TEXTURE_HEIGHT' 'I' @592  4097 (1001)
 - public static final 'GL_TEXTURE_INTERNAL_FORMAT' 'I' @596  4099 (1003)
 - public static final 'GL_TEXTURE_BORDER_COLOR' 'I' @600  4100 (1004)
 - public static final 'GL_DONT_CARE' 'I' @604  4352 (1100)
 - public static final 'GL_FASTEST' 'I' @608  4353 (1101)
 - public static final 'GL_NICEST' 'I' @612  4354 (1102)
 - public static final 'GL_CLEAR' 'I' @616  5376 (1500)
 - public static final 'GL_AND' 'I' @620  5377 (1501)
 - public static final 'GL_AND_REVERSE' 'I' @624  5378 (1502)
 - public static final 'GL_COPY' 'I' @628  5379 (1503)
 - public static final 'GL_AND_INVERTED' 'I' @632  5380 (1504)
 - public static final 'GL_NOOP' 'I' @636  5381 (1505)
 - public static final 'GL_XOR' 'I' @640  5382 (1506)
 - public static final 'GL_OR' 'I' @644  5383 (1507)
 - public static final 'GL_NOR' 'I' @648  5384 (1508)
 - public static final 'GL_EQUIV' 'I' @652  5385 (1509)
 - public static final 'GL_INVERT' 'I' @656  5386 (150a)
 - public static final 'GL_OR_REVERSE' 'I' @660  5387 (150b)
 - public static final 'GL_COPY_INVERTED' 'I' @664  5388 (150c)
 - public static final 'GL_OR_INVERTED' 'I' @668  5389 (150d)
 - public static final 'GL_NAND' 'I' @672  5390 (150e)
 - public static final 'GL_SET' 'I' @676  5391 (150f)
 - public static final 'GL_TEXTURE' 'I' @680  5890 (1702)
 - public static final 'GL_COLOR' 'I' @684  6144 (1800)
 - public static final 'GL_DEPTH' 'I' @688  6145 (1801)
 - public static final 'GL_STENCIL' 'I' @692  6146 (1802)
 - public static final 'GL_STENCIL_INDEX' 'I' @696  6401 (1901)
 - public static final 'GL_DEPTH_COMPONENT' 'I' @700  6402 (1902)
 - public static final 'GL_RED' 'I' @704  6403 (1903)
 - public static final 'GL_GREEN' 'I' @708  6404 (1904)
 - public static final 'GL_BLUE' 'I' @712  6405 (1905)
 - public static final 'GL_ALPHA' 'I' @716  6406 (1906)
 - public static final 'GL_RGB' 'I' @720  6407 (1907)
 - public static final 'GL_RGBA' 'I' @724  6408 (1908)
 - public static final 'GL_POINT' 'I' @728  6912 (1b00)
 - public static final 'GL_LINE' 'I' @732  6913 (1b01)
 - public static final 'GL_FILL' 'I' @736  6914 (1b02)
 - public static final 'GL_KEEP' 'I' @740  7680 (1e00)
 - public static final 'GL_REPLACE' 'I' @744  7681 (1e01)
 - public static final 'GL_INCR' 'I' @748  7682 (1e02)
 - public static final 'GL_DECR' 'I' @752  7683 (1e03)
 - public static final 'GL_VENDOR' 'I' @756  7936 (1f00)
 - public static final 'GL_RENDERER' 'I' @760  7937 (1f01)
 - public static final 'GL_VERSION' 'I' @764  7938 (1f02)
 - public static final 'GL_EXTENSIONS' 'I' @768  7939 (1f03)
 - public static final 'GL_NEAREST' 'I' @772  9728 (2600)
 - public static final 'GL_LINEAR' 'I' @776  9729 (2601)
 - public static final 'GL_NEAREST_MIPMAP_NEAREST' 'I' @780  9984 (2700)
 - public static final 'GL_LINEAR_MIPMAP_NEAREST' 'I' @784  9985 (2701)
 - public static final 'GL_NEAREST_MIPMAP_LINEAR' 'I' @788  9986 (2702)
 - public static final 'GL_LINEAR_MIPMAP_LINEAR' 'I' @792  9987 (2703)
 - public static final 'GL_TEXTURE_MAG_FILTER' 'I' @796  10240 (2800)
 - public static final 'GL_TEXTURE_MIN_FILTER' 'I' @800  10241 (2801)
 - public static final 'GL_TEXTURE_WRAP_S' 'I' @804  10242 (2802)
 - public static final 'GL_TEXTURE_WRAP_T' 'I' @808  10243 (2803)
 - public static final 'GL_REPEAT' 'I' @812  10497 (2901)
 - public static final 'GL_POLYGON_OFFSET_FACTOR' 'I' @816  32824 (8038)
 - public static final 'GL_POLYGON_OFFSET_UNITS' 'I' @820  10752 (2a00)
 - public static final 'GL_POLYGON_OFFSET_POINT' 'I' @824  10753 (2a01)
 - public static final 'GL_POLYGON_OFFSET_LINE' 'I' @828  10754 (2a02)
 - public static final 'GL_POLYGON_OFFSET_FILL' 'I' @832  32823 (8037)
 - public static final 'GL_R3_G3_B2' 'I' @836  10768 (2a10)
 - public static final 'GL_RGB4' 'I' @840  32847 (804f)
 - public static final 'GL_RGB5' 'I' @844  32848 (8050)
 - public static final 'GL_RGB8' 'I' @848  32849 (8051)
 - public static final 'GL_RGB10' 'I' @852  32850 (8052)
 - public static final 'GL_RGB12' 'I' @856  32851 (8053)
 - public static final 'GL_RGB16' 'I' @860  32852 (8054)
 - public static final 'GL_RGBA2' 'I' @864  32853 (8055)
 - public static final 'GL_RGBA4' 'I' @868  32854 (8056)
 - public static final 'GL_RGB5_A1' 'I' @872  32855 (8057)
 - public static final 'GL_RGBA8' 'I' @876  32856 (8058)
 - public static final 'GL_RGB10_A2' 'I' @880  32857 (8059)
 - public static final 'GL_RGBA12' 'I' @884  32858 (805a)
 - public static final 'GL_RGBA16' 'I' @888  32859 (805b)
 - public static final 'GL_TEXTURE_RED_SIZE' 'I' @892  32860 (805c)
 - public static final 'GL_TEXTURE_GREEN_SIZE' 'I' @896  32861 (805d)
 - public static final 'GL_TEXTURE_BLUE_SIZE' 'I' @900  32862 (805e)
 - public static final 'GL_TEXTURE_ALPHA_SIZE' 'I' @904  32863 (805f)
 - public static final 'GL_PROXY_TEXTURE_1D' 'I' @908  32867 (8063)
 - public static final 'GL_PROXY_TEXTURE_2D' 'I' @912  32868 (8064)
 - public static final 'GL_TEXTURE_BINDING_1D' 'I' @916  32872 (8068)
 - public static final 'GL_TEXTURE_BINDING_2D' 'I' @920  32873 (8069)
 - public static final 'GL_VERTEX_ARRAY' 'I' @924  32884 (8074)
R12=0x0 is NULL
R13=0x000001c282d1a560 is pointing into metadata
R14=0x00000067c7dff300 is pointing into the stack for thread: 0x000001c2d2debd80
R15=0x000001c2d2debd80 is a thread


Registers:
RAX=0x000001c283205320, RBX=0x000001c282d1a568, RCX=0x0000000000000b71, RDX=0x0000000000000000
RSP=0x00000067c7dff268, RBP=0x00000067c7dff2e0, RSI=0x00000067c7dff890, RDI=0x000001c2dc0a94fe
R8 =0x0000000000000b71, R9 =0x0000000000000002, R10=0x000001c2dc0ad5f2, R11=0x00000006210f3628
R12=0x0000000000000000, R13=0x000001c282d1a560, R14=0x00000067c7dff300, R15=0x000001c2d2debd80
RIP=0x00007ff95df8c54a, EFLAGS=0x0000000000010206

Top of Stack: (sp=0x00000067c7dff268)
0x00000067c7dff268:   000001c2dc0ad621 000001c282d1a568
0x00000067c7dff278:   00000067c7dff890 000001c282cdf2d0
0x00000067c7dff288:   000001c2d2debd80 000001c2dc0ad2f6
0x00000067c7dff298:   00000067c7dff298 000001c282d1a560
0x00000067c7dff2a8:   00000067c7dff300 000001c282d24a50
0x00000067c7dff2b8:   0000000000000000 00000006210f3628
0x00000067c7dff2c8:   000001c282d1a568 0000000000000000
0x00000067c7dff2d8:   00000067c7dff300 00000067c7dff350
0x00000067c7dff2e8:   000001c2dc0a94fe 00000006210f3628
0x00000067c7dff2f8:   000001c2dc0aaf78 0000000000000b71
0x00000067c7dff308:   00000067c7dff308 000001c282cdf2a9
0x00000067c7dff318:   00000067c7dff360 000001c282d08000
0x00000067c7dff328:   0000000000000000 000000062104d698
0x00000067c7dff338:   000001c282cdf2d0 00000067c7dff300
0x00000067c7dff348:   00000067c7dff360 00000067c7dff3b0
0x00000067c7dff358:   000001c2dc0a94fe 0000000000000b71 

Instructions: (pc=0x00007ff95df8c54a)
0x00007ff95df8c44a:   18 5b 49 ff a2 40 0a 00 00 cc cc cc cc cc cc cc
0x00007ff95df8c45a:   cc cc cc cc cc cc 48 8b 01 0f 28 cb f2 0f 10 5c
0x00007ff95df8c46a:   24 30 0f 28 c2 f2 0f 10 54 24 28 48 8b 48 18 48
0x00007ff95df8c47a:   ff a1 48 0a 00 00 48 8b 01 49 8b c8 48 8b 50 18
0x00007ff95df8c48a:   48 ff a2 50 0a 00 00 cc cc cc cc cc cc cc cc cc
0x00007ff95df8c49a:   cc cc cc cc cc cc 48 8b 01 49 8b c8 48 8b 50 18
0x00007ff95df8c4aa:   48 ff a2 58 0a 00 00 cc cc cc cc cc cc cc cc cc
0x00007ff95df8c4ba:   cc cc cc cc cc cc 48 8b 01 49 8b c8 48 8b 50 18
0x00007ff95df8c4ca:   48 ff a2 60 0a 00 00 cc cc cc cc cc cc cc cc cc
0x00007ff95df8c4da:   cc cc cc cc cc cc 48 8b 01 49 8b c8 48 8b 50 18
0x00007ff95df8c4ea:   48 ff a2 68 0a 00 00 cc cc cc cc cc cc cc cc cc
0x00007ff95df8c4fa:   cc cc cc cc cc cc 40 53 48 8b 01 41 8b d8 44 8b
0x00007ff95df8c50a:   44 24 30 41 8b d1 4c 8b 4c 24 38 8b cb 4c 8b 50
0x00007ff95df8c51a:   18 5b 49 ff a2 70 0a 00 00 cc cc cc cc cc cc cc
0x00007ff95df8c52a:   cc cc cc cc cc cc 48 8b 01 41 8b c8 48 8b 50 18
0x00007ff95df8c53a:   48 ff 22 cc cc cc 48 8b 01 41 8b c8 48 8b 50 18
0x00007ff95df8c54a:   48 ff 62 08 cc cc 48 8b 01 41 8b d1 41 8b c8 4c
0x00007ff95df8c55a:   8b 50 18 49 ff 62 38 cc cc cc cc cc cc cc cc cc
0x00007ff95df8c56a:   cc cc cc cc cc cc 48 8b 01 41 8b d1 41 8b c8 4c
0x00007ff95df8c57a:   8b 50 18 49 ff 62 48 cc cc cc cc cc cc cc cc cc
0x00007ff95df8c58a:   cc cc cc cc cc cc 48 8b 01 41 8b c8 48 8b 50 18
0x00007ff95df8c59a:   48 ff 62 60 cc cc 48 8b 01 0f 28 cb f3 0f 10 5c
0x00007ff95df8c5aa:   24 30 0f 28 c2 f3 0f 10 54 24 28 48 8b 48 18 48
0x00007ff95df8c5ba:   ff 61 70 cc cc cc 48 8b 01 0f 28 c2 48 8b 48 18
0x00007ff95df8c5ca:   48 ff 61 78 cc cc 48 8b 01 41 8b c8 48 8b 50 18
0x00007ff95df8c5da:   48 ff a2 88 00 00 00 cc cc cc cc cc cc cc cc cc
0x00007ff95df8c5ea:   cc cc cc cc cc cc 40 53 48 8b 01 41 0f b6 d8 44
0x00007ff95df8c5fa:   0f b6 44 24 30 41 0f b6 d1 44 0f b6 4c 24 38 0f
0x00007ff95df8c60a:   b6 cb 4c 8b 50 18 5b 49 ff a2 98 01 00 00 cc cc
0x00007ff95df8c61a:   cc cc cc cc cc cc 48 8b 01 41 8b c8 48 8b 50 18
0x00007ff95df8c62a:   48 ff a2 b8 01 00 00 cc cc cc cc cc cc cc cc cc
0x00007ff95df8c63a:   cc cc cc cc cc cc 48 8b 01 41 8b c8 48 8b 50 18 


Stack slot to memory mapping:
stack at sp + 0 slots: 0x000001c2dc0ad621 is at code_begin+993 in an Interpreter codelet
method entry point (kind = native)  [0x000001c2dc0ad240, 0x000001c2dc0adbc0]  2432 bytes
stack at sp + 1 slots: {method} {0x000001c282d1a570} 'glDisable' '(I)V' in 'org/lwjgl/opengl/GL11C'
stack at sp + 2 slots: 0x00000067c7dff890 is pointing into the stack for thread: 0x000001c2d2debd80
stack at sp + 3 slots: {method} {0x000001c282cdf2d8} 'glDisable' '(I)V' in 'org/lwjgl/opengl/GL11'
stack at sp + 4 slots: 0x000001c2d2debd80 is a thread
stack at sp + 5 slots: 0x000001c2dc0ad2f6 is at code_begin+182 in an Interpreter codelet
method entry point (kind = native)  [0x000001c2dc0ad240, 0x000001c2dc0adbc0]  2432 bytes
stack at sp + 6 slots: 0x00000067c7dff298 is pointing into the stack for thread: 0x000001c2d2debd80
stack at sp + 7 slots: 0x000001c282d1a560 is pointing into metadata


---------------  P R O C E S S  ---------------

Threads class SMR info:
_java_thread_list=0x000001c28248ead0, length=15, elements={
0x000001c2d2debd80, 0x000001c2ff21fa30, 0x000001c2ff2205e0, 0x000001c2ff236300,
0x000001c2ff23ced0, 0x000001c2ff23f890, 0x000001c2ff240240, 0x000001c2ff2444d0,
0x000001c2ff24cf80, 0x000001c2821b9fb0, 0x000001c2822c1400, 0x000001c2822c3f30,
0x000001c2822d6ac0, 0x000001c2822e3fa0, 0x000001c2823f1a40
}

Java Threads: ( => current thread )
=>0x000001c2d2debd80 JavaThread "main" [_thread_in_native, id=25848, stack(0x00000067c7d00000,0x00000067c7e00000)]
  0x000001c2ff21fa30 JavaThread "Reference Handler" daemon [_thread_blocked, id=12436, stack(0x00000067c8400000,0x00000067c8500000)]
  0x000001c2ff2205e0 JavaThread "Finalizer" daemon [_thread_blocked, id=20200, stack(0x00000067c8500000,0x00000067c8600000)]
  0x000001c2ff236300 JavaThread "Signal Dispatcher" daemon [_thread_blocked, id=2372, stack(0x00000067c8600000,0x00000067c8700000)]
  0x000001c2ff23ced0 JavaThread "Attach Listener" daemon [_thread_blocked, id=24332, stack(0x00000067c8700000,0x00000067c8800000)]
  0x000001c2ff23f890 JavaThread "Service Thread" daemon [_thread_blocked, id=26556, stack(0x00000067c8800000,0x00000067c8900000)]
  0x000001c2ff240240 JavaThread "Monitor Deflation Thread" daemon [_thread_blocked, id=17444, stack(0x00000067c8900000,0x00000067c8a00000)]
  0x000001c2ff2444d0 JavaThread "C2 CompilerThread0" daemon [_thread_blocked, id=2008, stack(0x00000067c8a00000,0x00000067c8b00000)]
  0x000001c2ff24cf80 JavaThread "C1 CompilerThread0" daemon [_thread_blocked, id=1956, stack(0x00000067c8b00000,0x00000067c8c00000)]
  0x000001c2821b9fb0 JavaThread "Sweeper thread" daemon [_thread_blocked, id=21900, stack(0x00000067c8c00000,0x00000067c8d00000)]
  0x000001c2822c1400 JavaThread "C1 CompilerThread1" daemon [_thread_blocked, id=17924, stack(0x00000067c8d00000,0x00000067c8e00000)]
  0x000001c2822c3f30 JavaThread "C1 CompilerThread2" daemon [_thread_blocked, id=12540, stack(0x00000067c8e00000,0x00000067c8f00000)]
  0x000001c2822d6ac0 JavaThread "Notification Thread" daemon [_thread_blocked, id=24680, stack(0x00000067c8f00000,0x00000067c9000000)]
  0x000001c2822e3fa0 JavaThread "Common-Cleaner" daemon [_thread_blocked, id=23536, stack(0x00000067c9100000,0x00000067c9200000)]
  0x000001c2823f1a40 JavaThread "C2 CompilerThread1" daemon [_thread_blocked, id=25144, stack(0x00000067c9200000,0x00000067c9300000)]

Other Threads:
  0x000001c2ff21ab80 VMThread "VM Thread" [stack: 0x00000067c8300000,0x00000067c8400000] [id=24872]
  0x000001c2822dc4a0 WatcherThread [stack: 0x00000067c9000000,0x00000067c9100000] [id=26212]
  0x000001c2d2ea11c0 GCTaskThread "GC Thread#0" [stack: 0x00000067c7e00000,0x00000067c7f00000] [id=25968]
  0x000001c2d2eae1a0 ConcurrentGCThread "G1 Main Marker" [stack: 0x00000067c7f00000,0x00000067c8000000] [id=17332]
  0x000001c2d2eaebb0 ConcurrentGCThread "G1 Conc#0" [stack: 0x00000067c8000000,0x00000067c8100000] [id=13568]
  0x000001c2ff151870 ConcurrentGCThread "G1 Refine#0" [stack: 0x00000067c8100000,0x00000067c8200000] [id=27344]
  0x000001c2ff1532a0 ConcurrentGCThread "G1 Service" [stack: 0x00000067c8200000,0x00000067c8300000] [id=12576]

Threads with active compile tasks:

VM state: not at safepoint (normal execution)

VM Mutex/Monitor currently owned by a thread: None

Heap address: 0x0000000601c00000, size: 8164 MB, Compressed Oops mode: Zero based, Oop shift amount: 3

CDS archive(s) mapped at: [0x0000000800000000-0x0000000800bc0000-0x0000000800bc0000), size 12320768, SharedBaseAddress: 0x0000000800000000, ArchiveRelocationMode: 0.
Compressed class space mapped at: 0x0000000800c00000-0x0000000840c00000, reserved size: 1073741824
Narrow klass base: 0x0000000800000000, Narrow klass shift: 0, Narrow klass range: 0x100000000

GC Precious Log:
 CPUs: 16 total, 16 available
 Memory: 32654M
 Large Page Support: Disabled
 NUMA Support: Disabled
 Compressed Oops: Enabled (Zero based)
 Heap Region Size: 4M
 Heap Min Capacity: 8M
 Heap Initial Capacity: 512M
 Heap Max Capacity: 8164M
 Pre-touch: Disabled
 Parallel Workers: 13
 Concurrent Workers: 3
 Concurrent Refinement Workers: 13
 Periodic GC: Disabled

Heap:
 garbage-first heap   total 524288K, used 8192K [0x0000000601c00000, 0x0000000800000000)
  region size 4096K, 3 young (12288K), 0 survivors (0K)
 Metaspace       used 2409K, committed 2624K, reserved 1056768K
  class space    used 140K, committed 256K, reserved 1048576K

Heap Regions: E=young(eden), S=young(survivor), O=old, HS=humongous(starts), HC=humongous(continues), CS=collection set, F=free, OA=open archive, CA=closed archive, TAMS=top-at-mark-start (previous, next)
|   0|0x0000000601c00000, 0x0000000601c00000, 0x0000000602000000|  0%| F|  |TAMS 0x0000000601c00000, 0x0000000601c00000| Untracked 
|   1|0x0000000602000000, 0x0000000602000000, 0x0000000602400000|  0%| F|  |TAMS 0x0000000602000000, 0x0000000602000000| Untracked 
|   2|0x0000000602400000, 0x0000000602400000, 0x0000000602800000|  0%| F|  |TAMS 0x0000000602400000, 0x0000000602400000| Untracked 
|   3|0x0000000602800000, 0x0000000602800000, 0x0000000602c00000|  0%| F|  |TAMS 0x0000000602800000, 0x0000000602800000| Untracked 
|   4|0x0000000602c00000, 0x0000000602c00000, 0x0000000603000000|  0%| F|  |TAMS 0x0000000602c00000, 0x0000000602c00000| Untracked 
|   5|0x0000000603000000, 0x0000000603000000, 0x0000000603400000|  0%| F|  |TAMS 0x0000000603000000, 0x0000000603000000| Untracked 
|   6|0x0000000603400000, 0x0000000603400000, 0x0000000603800000|  0%| F|  |TAMS 0x0000000603400000, 0x0000000603400000| Untracked 
|   7|0x0000000603800000, 0x0000000603800000, 0x0000000603c00000|  0%| F|  |TAMS 0x0000000603800000, 0x0000000603800000| Untracked 
|   8|0x0000000603c00000, 0x0000000603c00000, 0x0000000604000000|  0%| F|  |TAMS 0x0000000603c00000, 0x0000000603c00000| Untracked 
|   9|0x0000000604000000, 0x0000000604000000, 0x0000000604400000|  0%| F|  |TAMS 0x0000000604000000, 0x0000000604000000| Untracked 
|  10|0x0000000604400000, 0x0000000604400000, 0x0000000604800000|  0%| F|  |TAMS 0x0000000604400000, 0x0000000604400000| Untracked 
|  11|0x0000000604800000, 0x0000000604800000, 0x0000000604c00000|  0%| F|  |TAMS 0x0000000604800000, 0x0000000604800000| Untracked 
|  12|0x0000000604c00000, 0x0000000604c00000, 0x0000000605000000|  0%| F|  |TAMS 0x0000000604c00000, 0x0000000604c00000| Untracked 
|  13|0x0000000605000000, 0x0000000605000000, 0x0000000605400000|  0%| F|  |TAMS 0x0000000605000000, 0x0000000605000000| Untracked 
|  14|0x0000000605400000, 0x0000000605400000, 0x0000000605800000|  0%| F|  |TAMS 0x0000000605400000, 0x0000000605400000| Untracked 
|  15|0x0000000605800000, 0x0000000605800000, 0x0000000605c00000|  0%| F|  |TAMS 0x0000000605800000, 0x0000000605800000| Untracked 
|  16|0x0000000605c00000, 0x0000000605c00000, 0x0000000606000000|  0%| F|  |TAMS 0x0000000605c00000, 0x0000000605c00000| Untracked 
|  17|0x0000000606000000, 0x0000000606000000, 0x0000000606400000|  0%| F|  |TAMS 0x0000000606000000, 0x0000000606000000| Untracked 
|  18|0x0000000606400000, 0x0000000606400000, 0x0000000606800000|  0%| F|  |TAMS 0x0000000606400000, 0x0000000606400000| Untracked 
|  19|0x0000000606800000, 0x0000000606800000, 0x0000000606c00000|  0%| F|  |TAMS 0x0000000606800000, 0x0000000606800000| Untracked 
|  20|0x0000000606c00000, 0x0000000606c00000, 0x0000000607000000|  0%| F|  |TAMS 0x0000000606c00000, 0x0000000606c00000| Untracked 
|  21|0x0000000607000000, 0x0000000607000000, 0x0000000607400000|  0%| F|  |TAMS 0x0000000607000000, 0x0000000607000000| Untracked 
|  22|0x0000000607400000, 0x0000000607400000, 0x0000000607800000|  0%| F|  |TAMS 0x0000000607400000, 0x0000000607400000| Untracked 
|  23|0x0000000607800000, 0x0000000607800000, 0x0000000607c00000|  0%| F|  |TAMS 0x0000000607800000, 0x0000000607800000| Untracked 
|  24|0x0000000607c00000, 0x0000000607c00000, 0x0000000608000000|  0%| F|  |TAMS 0x0000000607c00000, 0x0000000607c00000| Untracked 
|  25|0x0000000608000000, 0x0000000608000000, 0x0000000608400000|  0%| F|  |TAMS 0x0000000608000000, 0x0000000608000000| Untracked 
|  26|0x0000000608400000, 0x0000000608400000, 0x0000000608800000|  0%| F|  |TAMS 0x0000000608400000, 0x0000000608400000| Untracked 
|  27|0x0000000608800000, 0x0000000608800000, 0x0000000608c00000|  0%| F|  |TAMS 0x0000000608800000, 0x0000000608800000| Untracked 
|  28|0x0000000608c00000, 0x0000000608c00000, 0x0000000609000000|  0%| F|  |TAMS 0x0000000608c00000, 0x0000000608c00000| Untracked 
|  29|0x0000000609000000, 0x0000000609000000, 0x0000000609400000|  0%| F|  |TAMS 0x0000000609000000, 0x0000000609000000| Untracked 
|  30|0x0000000609400000, 0x0000000609400000, 0x0000000609800000|  0%| F|  |TAMS 0x0000000609400000, 0x0000000609400000| Untracked 
|  31|0x0000000609800000, 0x0000000609800000, 0x0000000609c00000|  0%| F|  |TAMS 0x0000000609800000, 0x0000000609800000| Untracked 
|  32|0x0000000609c00000, 0x0000000609c00000, 0x000000060a000000|  0%| F|  |TAMS 0x0000000609c00000, 0x0000000609c00000| Untracked 
|  33|0x000000060a000000, 0x000000060a000000, 0x000000060a400000|  0%| F|  |TAMS 0x000000060a000000, 0x000000060a000000| Untracked 
|  34|0x000000060a400000, 0x000000060a400000, 0x000000060a800000|  0%| F|  |TAMS 0x000000060a400000, 0x000000060a400000| Untracked 
|  35|0x000000060a800000, 0x000000060a800000, 0x000000060ac00000|  0%| F|  |TAMS 0x000000060a800000, 0x000000060a800000| Untracked 
|  36|0x000000060ac00000, 0x000000060ac00000, 0x000000060b000000|  0%| F|  |TAMS 0x000000060ac00000, 0x000000060ac00000| Untracked 
|  37|0x000000060b000000, 0x000000060b000000, 0x000000060b400000|  0%| F|  |TAMS 0x000000060b000000, 0x000000060b000000| Untracked 
|  38|0x000000060b400000, 0x000000060b400000, 0x000000060b800000|  0%| F|  |TAMS 0x000000060b400000, 0x000000060b400000| Untracked 
|  39|0x000000060b800000, 0x000000060b800000, 0x000000060bc00000|  0%| F|  |TAMS 0x000000060b800000, 0x000000060b800000| Untracked 
|  40|0x000000060bc00000, 0x000000060bc00000, 0x000000060c000000|  0%| F|  |TAMS 0x000000060bc00000, 0x000000060bc00000| Untracked 
|  41|0x000000060c000000, 0x000000060c000000, 0x000000060c400000|  0%| F|  |TAMS 0x000000060c000000, 0x000000060c000000| Untracked 
|  42|0x000000060c400000, 0x000000060c400000, 0x000000060c800000|  0%| F|  |TAMS 0x000000060c400000, 0x000000060c400000| Untracked 
|  43|0x000000060c800000, 0x000000060c800000, 0x000000060cc00000|  0%| F|  |TAMS 0x000000060c800000, 0x000000060c800000| Untracked 
|  44|0x000000060cc00000, 0x000000060cc00000, 0x000000060d000000|  0%| F|  |TAMS 0x000000060cc00000, 0x000000060cc00000| Untracked 
|  45|0x000000060d000000, 0x000000060d000000, 0x000000060d400000|  0%| F|  |TAMS 0x000000060d000000, 0x000000060d000000| Untracked 
|  46|0x000000060d400000, 0x000000060d400000, 0x000000060d800000|  0%| F|  |TAMS 0x000000060d400000, 0x000000060d400000| Untracked 
|  47|0x000000060d800000, 0x000000060d800000, 0x000000060dc00000|  0%| F|  |TAMS 0x000000060d800000, 0x000000060d800000| Untracked 
|  48|0x000000060dc00000, 0x000000060dc00000, 0x000000060e000000|  0%| F|  |TAMS 0x000000060dc00000, 0x000000060dc00000| Untracked 
|  49|0x000000060e000000, 0x000000060e000000, 0x000000060e400000|  0%| F|  |TAMS 0x000000060e000000, 0x000000060e000000| Untracked 
|  50|0x000000060e400000, 0x000000060e400000, 0x000000060e800000|  0%| F|  |TAMS 0x000000060e400000, 0x000000060e400000| Untracked 
|  51|0x000000060e800000, 0x000000060e800000, 0x000000060ec00000|  0%| F|  |TAMS 0x000000060e800000, 0x000000060e800000| Untracked 
|  52|0x000000060ec00000, 0x000000060ec00000, 0x000000060f000000|  0%| F|  |TAMS 0x000000060ec00000, 0x000000060ec00000| Untracked 
|  53|0x000000060f000000, 0x000000060f000000, 0x000000060f400000|  0%| F|  |TAMS 0x000000060f000000, 0x000000060f000000| Untracked 
|  54|0x000000060f400000, 0x000000060f400000, 0x000000060f800000|  0%| F|  |TAMS 0x000000060f400000, 0x000000060f400000| Untracked 
|  55|0x000000060f800000, 0x000000060f800000, 0x000000060fc00000|  0%| F|  |TAMS 0x000000060f800000, 0x000000060f800000| Untracked 
|  56|0x000000060fc00000, 0x000000060fc00000, 0x0000000610000000|  0%| F|  |TAMS 0x000000060fc00000, 0x000000060fc00000| Untracked 
|  57|0x0000000610000000, 0x0000000610000000, 0x0000000610400000|  0%| F|  |TAMS 0x0000000610000000, 0x0000000610000000| Untracked 
|  58|0x0000000610400000, 0x0000000610400000, 0x0000000610800000|  0%| F|  |TAMS 0x0000000610400000, 0x0000000610400000| Untracked 
|  59|0x0000000610800000, 0x0000000610800000, 0x0000000610c00000|  0%| F|  |TAMS 0x0000000610800000, 0x0000000610800000| Untracked 
|  60|0x0000000610c00000, 0x0000000610c00000, 0x0000000611000000|  0%| F|  |TAMS 0x0000000610c00000, 0x0000000610c00000| Untracked 
|  61|0x0000000611000000, 0x0000000611000000, 0x0000000611400000|  0%| F|  |TAMS 0x0000000611000000, 0x0000000611000000| Untracked 
|  62|0x0000000611400000, 0x0000000611400000, 0x0000000611800000|  0%| F|  |TAMS 0x0000000611400000, 0x0000000611400000| Untracked 
|  63|0x0000000611800000, 0x0000000611800000, 0x0000000611c00000|  0%| F|  |TAMS 0x0000000611800000, 0x0000000611800000| Untracked 
|  64|0x0000000611c00000, 0x0000000611c00000, 0x0000000612000000|  0%| F|  |TAMS 0x0000000611c00000, 0x0000000611c00000| Untracked 
|  65|0x0000000612000000, 0x0000000612000000, 0x0000000612400000|  0%| F|  |TAMS 0x0000000612000000, 0x0000000612000000| Untracked 
|  66|0x0000000612400000, 0x0000000612400000, 0x0000000612800000|  0%| F|  |TAMS 0x0000000612400000, 0x0000000612400000| Untracked 
|  67|0x0000000612800000, 0x0000000612800000, 0x0000000612c00000|  0%| F|  |TAMS 0x0000000612800000, 0x0000000612800000| Untracked 
|  68|0x0000000612c00000, 0x0000000612c00000, 0x0000000613000000|  0%| F|  |TAMS 0x0000000612c00000, 0x0000000612c00000| Untracked 
|  69|0x0000000613000000, 0x0000000613000000, 0x0000000613400000|  0%| F|  |TAMS 0x0000000613000000, 0x0000000613000000| Untracked 
|  70|0x0000000613400000, 0x0000000613400000, 0x0000000613800000|  0%| F|  |TAMS 0x0000000613400000, 0x0000000613400000| Untracked 
|  71|0x0000000613800000, 0x0000000613800000, 0x0000000613c00000|  0%| F|  |TAMS 0x0000000613800000, 0x0000000613800000| Untracked 
|  72|0x0000000613c00000, 0x0000000613c00000, 0x0000000614000000|  0%| F|  |TAMS 0x0000000613c00000, 0x0000000613c00000| Untracked 
|  73|0x0000000614000000, 0x0000000614000000, 0x0000000614400000|  0%| F|  |TAMS 0x0000000614000000, 0x0000000614000000| Untracked 
|  74|0x0000000614400000, 0x0000000614400000, 0x0000000614800000|  0%| F|  |TAMS 0x0000000614400000, 0x0000000614400000| Untracked 
|  75|0x0000000614800000, 0x0000000614800000, 0x0000000614c00000|  0%| F|  |TAMS 0x0000000614800000, 0x0000000614800000| Untracked 
|  76|0x0000000614c00000, 0x0000000614c00000, 0x0000000615000000|  0%| F|  |TAMS 0x0000000614c00000, 0x0000000614c00000| Untracked 
|  77|0x0000000615000000, 0x0000000615000000, 0x0000000615400000|  0%| F|  |TAMS 0x0000000615000000, 0x0000000615000000| Untracked 
|  78|0x0000000615400000, 0x0000000615400000, 0x0000000615800000|  0%| F|  |TAMS 0x0000000615400000, 0x0000000615400000| Untracked 
|  79|0x0000000615800000, 0x0000000615800000, 0x0000000615c00000|  0%| F|  |TAMS 0x0000000615800000, 0x0000000615800000| Untracked 
|  80|0x0000000615c00000, 0x0000000615c00000, 0x0000000616000000|  0%| F|  |TAMS 0x0000000615c00000, 0x0000000615c00000| Untracked 
|  81|0x0000000616000000, 0x0000000616000000, 0x0000000616400000|  0%| F|  |TAMS 0x0000000616000000, 0x0000000616000000| Untracked 
|  82|0x0000000616400000, 0x0000000616400000, 0x0000000616800000|  0%| F|  |TAMS 0x0000000616400000, 0x0000000616400000| Untracked 
|  83|0x0000000616800000, 0x0000000616800000, 0x0000000616c00000|  0%| F|  |TAMS 0x0000000616800000, 0x0000000616800000| Untracked 
|  84|0x0000000616c00000, 0x0000000616c00000, 0x0000000617000000|  0%| F|  |TAMS 0x0000000616c00000, 0x0000000616c00000| Untracked 
|  85|0x0000000617000000, 0x0000000617000000, 0x0000000617400000|  0%| F|  |TAMS 0x0000000617000000, 0x0000000617000000| Untracked 
|  86|0x0000000617400000, 0x0000000617400000, 0x0000000617800000|  0%| F|  |TAMS 0x0000000617400000, 0x0000000617400000| Untracked 
|  87|0x0000000617800000, 0x0000000617800000, 0x0000000617c00000|  0%| F|  |TAMS 0x0000000617800000, 0x0000000617800000| Untracked 
|  88|0x0000000617c00000, 0x0000000617c00000, 0x0000000618000000|  0%| F|  |TAMS 0x0000000617c00000, 0x0000000617c00000| Untracked 
|  89|0x0000000618000000, 0x0000000618000000, 0x0000000618400000|  0%| F|  |TAMS 0x0000000618000000, 0x0000000618000000| Untracked 
|  90|0x0000000618400000, 0x0000000618400000, 0x0000000618800000|  0%| F|  |TAMS 0x0000000618400000, 0x0000000618400000| Untracked 
|  91|0x0000000618800000, 0x0000000618800000, 0x0000000618c00000|  0%| F|  |TAMS 0x0000000618800000, 0x0000000618800000| Untracked 
|  92|0x0000000618c00000, 0x0000000618c00000, 0x0000000619000000|  0%| F|  |TAMS 0x0000000618c00000, 0x0000000618c00000| Untracked 
|  93|0x0000000619000000, 0x0000000619000000, 0x0000000619400000|  0%| F|  |TAMS 0x0000000619000000, 0x0000000619000000| Untracked 
|  94|0x0000000619400000, 0x0000000619400000, 0x0000000619800000|  0%| F|  |TAMS 0x0000000619400000, 0x0000000619400000| Untracked 
|  95|0x0000000619800000, 0x0000000619800000, 0x0000000619c00000|  0%| F|  |TAMS 0x0000000619800000, 0x0000000619800000| Untracked 
|  96|0x0000000619c00000, 0x0000000619c00000, 0x000000061a000000|  0%| F|  |TAMS 0x0000000619c00000, 0x0000000619c00000| Untracked 
|  97|0x000000061a000000, 0x000000061a000000, 0x000000061a400000|  0%| F|  |TAMS 0x000000061a000000, 0x000000061a000000| Untracked 
|  98|0x000000061a400000, 0x000000061a400000, 0x000000061a800000|  0%| F|  |TAMS 0x000000061a400000, 0x000000061a400000| Untracked 
|  99|0x000000061a800000, 0x000000061a800000, 0x000000061ac00000|  0%| F|  |TAMS 0x000000061a800000, 0x000000061a800000| Untracked 
| 100|0x000000061ac00000, 0x000000061ac00000, 0x000000061b000000|  0%| F|  |TAMS 0x000000061ac00000, 0x000000061ac00000| Untracked 
| 101|0x000000061b000000, 0x000000061b000000, 0x000000061b400000|  0%| F|  |TAMS 0x000000061b000000, 0x000000061b000000| Untracked 
| 102|0x000000061b400000, 0x000000061b400000, 0x000000061b800000|  0%| F|  |TAMS 0x000000061b400000, 0x000000061b400000| Untracked 
| 103|0x000000061b800000, 0x000000061b800000, 0x000000061bc00000|  0%| F|  |TAMS 0x000000061b800000, 0x000000061b800000| Untracked 
| 104|0x000000061bc00000, 0x000000061bc00000, 0x000000061c000000|  0%| F|  |TAMS 0x000000061bc00000, 0x000000061bc00000| Untracked 
| 105|0x000000061c000000, 0x000000061c000000, 0x000000061c400000|  0%| F|  |TAMS 0x000000061c000000, 0x000000061c000000| Untracked 
| 106|0x000000061c400000, 0x000000061c400000, 0x000000061c800000|  0%| F|  |TAMS 0x000000061c400000, 0x000000061c400000| Untracked 
| 107|0x000000061c800000, 0x000000061c800000, 0x000000061cc00000|  0%| F|  |TAMS 0x000000061c800000, 0x000000061c800000| Untracked 
| 108|0x000000061cc00000, 0x000000061cc00000, 0x000000061d000000|  0%| F|  |TAMS 0x000000061cc00000, 0x000000061cc00000| Untracked 
| 109|0x000000061d000000, 0x000000061d000000, 0x000000061d400000|  0%| F|  |TAMS 0x000000061d000000, 0x000000061d000000| Untracked 
| 110|0x000000061d400000, 0x000000061d400000, 0x000000061d800000|  0%| F|  |TAMS 0x000000061d400000, 0x000000061d400000| Untracked 
| 111|0x000000061d800000, 0x000000061d800000, 0x000000061dc00000|  0%| F|  |TAMS 0x000000061d800000, 0x000000061d800000| Untracked 
| 112|0x000000061dc00000, 0x000000061dc00000, 0x000000061e000000|  0%| F|  |TAMS 0x000000061dc00000, 0x000000061dc00000| Untracked 
| 113|0x000000061e000000, 0x000000061e000000, 0x000000061e400000|  0%| F|  |TAMS 0x000000061e000000, 0x000000061e000000| Untracked 
| 114|0x000000061e400000, 0x000000061e400000, 0x000000061e800000|  0%| F|  |TAMS 0x000000061e400000, 0x000000061e400000| Untracked 
| 115|0x000000061e800000, 0x000000061e800000, 0x000000061ec00000|  0%| F|  |TAMS 0x000000061e800000, 0x000000061e800000| Untracked 
| 116|0x000000061ec00000, 0x000000061ec00000, 0x000000061f000000|  0%| F|  |TAMS 0x000000061ec00000, 0x000000061ec00000| Untracked 
| 117|0x000000061f000000, 0x000000061f000000, 0x000000061f400000|  0%| F|  |TAMS 0x000000061f000000, 0x000000061f000000| Untracked 
| 118|0x000000061f400000, 0x000000061f400000, 0x000000061f800000|  0%| F|  |TAMS 0x000000061f400000, 0x000000061f400000| Untracked 
| 119|0x000000061f800000, 0x000000061f800000, 0x000000061fc00000|  0%| F|  |TAMS 0x000000061f800000, 0x000000061f800000| Untracked 
| 120|0x000000061fc00000, 0x000000061fc00000, 0x0000000620000000|  0%| F|  |TAMS 0x000000061fc00000, 0x000000061fc00000| Untracked 
| 121|0x0000000620000000, 0x0000000620000000, 0x0000000620400000|  0%| F|  |TAMS 0x0000000620000000, 0x0000000620000000| Untracked 
| 122|0x0000000620400000, 0x0000000620400000, 0x0000000620800000|  0%| F|  |TAMS 0x0000000620400000, 0x0000000620400000| Untracked 
| 123|0x0000000620800000, 0x0000000620800000, 0x0000000620c00000|  0%| F|  |TAMS 0x0000000620800000, 0x0000000620800000| Untracked 
| 124|0x0000000620c00000, 0x0000000620c00000, 0x0000000621000000|  0%| F|  |TAMS 0x0000000620c00000, 0x0000000620c00000| Untracked 
| 125|0x0000000621000000, 0x0000000621100c88, 0x0000000621400000| 25%| E|  |TAMS 0x0000000621000000, 0x0000000621000000| Complete 
| 126|0x0000000621400000, 0x0000000621800000, 0x0000000621800000|100%| E|CS|TAMS 0x0000000621400000, 0x0000000621400000| Complete 
| 127|0x0000000621800000, 0x0000000621c00000, 0x0000000621c00000|100%| E|CS|TAMS 0x0000000621800000, 0x0000000621800000| Complete 

Card table byte_map: [0x000001c2ed070000,0x000001c2ee070000] _byte_map_base: 0x000001c2ea062000

Marking Bits (Prev, Next): (CMBitMap*) 0x000001c2d2ea17d0, (CMBitMap*) 0x000001c2d2ea1810
 Prev Bits: [0x000001c2ef070000, 0x000001c2f7000000)
 Next Bits: [0x000001c2f7000000, 0x000001c2fef90000)

Polling page: 0x000001c2dc080000

Metaspace:

Usage:
  Non-class:      2.22 MB used.
      Class:    140.63 KB used.
       Both:      2.35 MB used.

Virtual space:
  Non-class space:        8.00 MB reserved,       2.31 MB ( 29%) committed,  1 nodes.
      Class space:        1.00 GB reserved,     256.00 KB ( <1%) committed,  1 nodes.
             Both:        1.01 GB reserved,       2.56 MB ( <1%) committed. 

Chunk freelists:
   Non-Class:  2.84 MB
       Class:  3.67 MB
        Both:  6.51 MB

MaxMetaspaceSize: unlimited
CompressedClassSpaceSize: 1.00 GB
Initial GC threshold: 21.00 MB
Current GC threshold: 21.00 MB
CDS: on
MetaspaceReclaimPolicy: balanced
 - commit_granule_bytes: 65536.
 - commit_granule_words: 8192.
 - virtual_space_node_default_size: 1048576.
 - enlarge_chunks_in_place: 1.
 - new_chunks_are_fully_committed: 0.
 - uncommit_free_chunks: 1.
 - use_allocation_guard: 0.
 - handle_deallocations: 1.


Internal statistics:

num_allocs_failed_limit: 0.
num_arena_births: 62.
num_arena_deaths: 0.
num_vsnodes_births: 2.
num_vsnodes_deaths: 0.
num_space_committed: 41.
num_space_uncommitted: 0.
num_chunks_returned_to_freelist: 0.
num_chunks_taken_from_freelist: 130.
num_chunk_merges: 0.
num_chunk_splits: 78.
num_chunks_enlarged: 52.
num_purges: 0.
num_inconsistent_stats: 0.

CodeHeap 'non-profiled nmethods': size=119168Kb used=167Kb max_used=167Kb free=119001Kb
 bounds [0x000001c2e3c40000, 0x000001c2e3eb0000, 0x000001c2eb0a0000]
CodeHeap 'profiled nmethods': size=119104Kb used=975Kb max_used=975Kb free=118128Kb
 bounds [0x000001c2dc7f0000, 0x000001c2dca60000, 0x000001c2e3c40000]
CodeHeap 'non-nmethods': size=7488Kb used=2692Kb max_used=2706Kb free=4796Kb
 bounds [0x000001c2dc0a0000, 0x000001c2dc350000, 0x000001c2dc7f0000]
 total_blobs=1591 nmethods=603 adapters=899
 compilation: enabled
              stopped_count=0, restarted_count=0
 full_count=0

Compilation events (20 events):
Event: 0.204 Thread 0x000001c2822c1400 nmethod 586 0x000001c2dc8dde90 code [0x000001c2dc8de200, 0x000001c2dc8df5c8]
Event: 0.205 Thread 0x000001c2822c1400  592       3       java.lang.String::indexOf (64 bytes)
Event: 0.205 Thread 0x000001c2ff24cf80  593       3       java.lang.StringLatin1::indexOf (25 bytes)
Event: 0.205 Thread 0x000001c2ff24cf80 nmethod 593 0x000001c2dc8dfd10 code [0x000001c2dc8dfec0, 0x000001c2dc8e00c8]
Event: 0.205 Thread 0x000001c2822c1400 nmethod 592 0x000001c2dc8e0190 code [0x000001c2dc8e03a0, 0x000001c2dc8e0888]
Event: 0.206 Thread 0x000001c2822c1400  594       3       jdk.internal.misc.Unsafe::checkSize (32 bytes)
Event: 0.206 Thread 0x000001c2822c1400 nmethod 594 0x000001c2dc8e0a10 code [0x000001c2dc8e0bc0, 0x000001c2dc8e0e48]
Event: 0.206 Thread 0x000001c2823f1a40 nmethod 582 0x000001c2e3c67910 code [0x000001c2e3c67ae0, 0x000001c2e3c67e48]
Event: 0.206 Thread 0x000001c2822c1400  595       3       java.net.URLStreamHandler::setURL (73 bytes)
Event: 0.206 Thread 0x000001c2822c3f30  596   !   3       java.net.URL::set (114 bytes)
Event: 0.206 Thread 0x000001c2822c3f30 nmethod 596 0x000001c2dc8e0f90 code [0x000001c2dc8e11e0, 0x000001c2dc8e1cd8]
Event: 0.206 Thread 0x000001c2ff24cf80  598       3       sun.misc.Unsafe::putLong (11 bytes)
Event: 0.206 Thread 0x000001c2822c3f30  599       3       org.lwjgl.system.MemoryUtil::memPutAddress (29 bytes)
Event: 0.206 Thread 0x000001c2822c1400 nmethod 595 0x000001c2dc8e2090 code [0x000001c2dc8e2360, 0x000001c2dc8e3198]
Event: 0.206 Thread 0x000001c2ff2444d0  600       4       java.lang.Integer::toUnsignedLong (7 bytes)
Event: 0.207 Thread 0x000001c2822c3f30 nmethod 599 0x000001c2dc8e3690 code [0x000001c2dc8e3840, 0x000001c2dc8e3a38]
Event: 0.207 Thread 0x000001c2ff24cf80 nmethod 598 0x000001c2dc8e3b10 code [0x000001c2dc8e3ca0, 0x000001c2dc8e3db8]
Event: 0.207 Thread 0x000001c2ff2444d0 nmethod 600 0x000001c2e3c68510 code [0x000001c2e3c68680, 0x000001c2e3c686d8]
Event: 0.207 Thread 0x000001c2823f1a40  601 %     4       java.lang.StringLatin1::indexOf @ 30 (121 bytes)
Event: 0.207 Thread 0x000001c2ff2444d0  602       4       java.util.HashMap::get (19 bytes)

GC Heap History (0 events):
No events

Dll operation events (8 events):
Event: 0.006 Loaded shared library C:\Program Files\Eclipse Adoptium\jdk-17.0.5.8-hotspot\bin\java.dll
Event: 0.014 Loaded shared library C:\Program Files\Eclipse Adoptium\jdk-17.0.5.8-hotspot\bin\jsvml.dll
Event: 0.063 Loaded shared library C:\Program Files\Eclipse Adoptium\jdk-17.0.5.8-hotspot\bin\net.dll
Event: 0.065 Loaded shared library C:\Program Files\Eclipse Adoptium\jdk-17.0.5.8-hotspot\bin\nio.dll
Event: 0.067 Loaded shared library C:\Program Files\Eclipse Adoptium\jdk-17.0.5.8-hotspot\bin\zip.dll
Event: 0.125 Loaded shared library C:\Program Files\Eclipse Adoptium\jdk-17.0.5.8-hotspot\bin\jimage.dll
Event: 0.145 Loaded shared library C:\Users\kunal\AppData\Local\Temp\lwjgl_kunal\3.3.2+13\x64\lwjgl.dll
Event: 0.199 Loaded shared library C:\Users\kunal\AppData\Local\Temp\lwjgl_kunal\3.3.2+13\x64\lwjgl_opengl.dll

Deoptimization events (10 events):
Event: 0.057 Thread 0x000001c2d2debd80 Uncommon trap: trap_request=0xffffff45 fr.pc=0x000001c2e3c411f8 relative=0x0000000000000078
Event: 0.057 Thread 0x000001c2d2debd80 Uncommon trap: reason=unstable_if action=reinterpret pc=0x000001c2e3c411f8 method=java.lang.String.isLatin1()Z @ 10 c2
Event: 0.057 Thread 0x000001c2d2debd80 DEOPT PACKING pc=0x000001c2e3c411f8 sp=0x00000067c7dfeec0
Event: 0.057 Thread 0x000001c2d2debd80 DEOPT UNPACKING pc=0x000001c2dc0f23a3 sp=0x00000067c7dfee00 mode 2
Event: 0.092 Thread 0x000001c2d2debd80 DEOPT PACKING pc=0x000001c2dc7f9c67 sp=0x00000067c7dfa200
Event: 0.092 Thread 0x000001c2d2debd80 DEOPT UNPACKING pc=0x000001c2dc0f2b43 sp=0x00000067c7df9620 mode 0
Event: 0.137 Thread 0x000001c2d2debd80 Uncommon trap: trap_request=0xffffff45 fr.pc=0x000001c2e3c47f64 relative=0x0000000000000064
Event: 0.137 Thread 0x000001c2d2debd80 Uncommon trap: reason=unstable_if action=reinterpret pc=0x000001c2e3c47f64 method=java.io.WinNTFileSystem.isSlash(C)Z @ 9 c2
Event: 0.137 Thread 0x000001c2d2debd80 DEOPT PACKING pc=0x000001c2e3c47f64 sp=0x00000067c7dfd480
Event: 0.137 Thread 0x000001c2d2debd80 DEOPT UNPACKING pc=0x000001c2dc0f23a3 sp=0x00000067c7dfd408 mode 2

Classes unloaded (0 events):
No events

Classes redefined (0 events):
No events

Internal exceptions (20 events):
Event: 0.116 Thread 0x000001c2d2debd80 Exception <a 'java/lang/NoSuchMethodError'{0x00000006215a83a8}: 'void java.lang.invoke.DirectMethodHandle$Holder.invokeStatic(java.lang.Object, java.lang.Object)'> (0x00000006215a83a8) 
thrown [s\src\hotspot\share\interpreter\linkResolver.cpp, line 759]
Event: 0.117 Thread 0x000001c2d2debd80 Exception <a 'java/lang/NoSuchMethodError'{0x00000006215adcc0}: 'void java.lang.invoke.DirectMethodHandle$Holder.invokeSpecial(java.lang.Object, java.lang.Object, java.lang.Object)'> (0x00000006215adcc0) 
thrown [s\src\hotspot\share\interpreter\linkResolver.cpp, line 759]
Event: 0.119 Thread 0x000001c2d2debd80 Exception <a 'java/lang/NoSuchMethodError'{0x00000006215c1048}: 'java.lang.Object java.lang.invoke.DirectMethodHandle$Holder.invokeStatic(java.lang.Object, java.lang.Object, int)'> (0x00000006215c1048) 
thrown [s\src\hotspot\share\interpreter\linkResolver.cpp, line 759]
Event: 0.120 Thread 0x000001c2d2debd80 Exception <a 'java/lang/NoSuchMethodError'{0x00000006215ccdb8}: 'void java.lang.invoke.DelegatingMethodHandle$Holder.delegate(java.lang.Object, java.lang.Object, int, java.lang.Object)'> (0x00000006215ccdb8) 
thrown [s\src\hotspot\share\interpreter\linkResolver.cpp, line 759]
Event: 0.120 Thread 0x000001c2d2debd80 Exception <a 'java/lang/NoSuchMethodError'{0x00000006215d0ff8}: 'int java.lang.invoke.DirectMethodHandle$Holder.invokeSpecial(java.lang.Object, java.lang.Object, java.lang.Object)'> (0x00000006215d0ff8) 
thrown [s\src\hotspot\share\interpreter\linkResolver.cpp, line 759]
Event: 0.143 Thread 0x000001c2d2debd80 Exception <a 'sun/nio/fs/WindowsException'{0x000000062163aeb0}> (0x000000062163aeb0) 
thrown [s\src\hotspot\share\prims\jni.cpp, line 516]
Event: 0.144 Thread 0x000001c2d2debd80 Exception <a 'sun/nio/fs/WindowsException'{0x000000062163b400}> (0x000000062163b400) 
thrown [s\src\hotspot\share\prims\jni.cpp, line 516]
Event: 0.157 Thread 0x000001c2d2debd80 Exception <a 'sun/nio/fs/WindowsException'{0x00000006216f0400}> (0x00000006216f0400) 
thrown [s\src\hotspot\share\prims\jni.cpp, line 516]
Event: 0.157 Thread 0x000001c2d2debd80 Exception <a 'sun/nio/fs/WindowsException'{0x00000006216f0760}> (0x00000006216f0760) 
thrown [s\src\hotspot\share\prims\jni.cpp, line 516]
Event: 0.161 Thread 0x000001c2d2debd80 Exception <a 'java/lang/NoSuchMethodError'{0x00000006217315f0}: 'java.lang.Object java.lang.invoke.DirectMethodHandle$Holder.invokeStaticInit(java.lang.Object)'> (0x00000006217315f0) 
thrown [s\src\hotspot\share\interpreter\linkResolver.cpp, line 759]
Event: 0.164 Thread 0x000001c2d2debd80 Exception <a 'java/lang/NoSuchMethodError'{0x0000000621751af8}: 'int java.lang.invoke.DirectMethodHandle$Holder.invokeStaticInit(java.lang.Object, java.lang.Object, int, long)'> (0x0000000621751af8) 
thrown [s\src\hotspot\share\interpreter\linkResolver.cpp, line 759]
Event: 0.165 Thread 0x000001c2d2debd80 Exception <a 'java/lang/NoSuchMethodError'{0x00000006217573c0}: 'java.lang.Object java.lang.invoke.DirectMethodHandle$Holder.newInvokeSpecial(java.lang.Object, java.lang.Object, int)'> (0x00000006217573c0) 
thrown [s\src\hotspot\share\interpreter\linkResolver.cpp, line 759]
Event: 0.166 Thread 0x000001c2d2debd80 Exception <a 'java/lang/NoSuchMethodError'{0x0000000621768f98}: 'int java.lang.invoke.DirectMethodHandle$Holder.invokeStaticInit(java.lang.Object, java.lang.Object, long, long)'> (0x0000000621768f98) 
thrown [s\src\hotspot\share\interpreter\linkResolver.cpp, line 759]
Event: 0.167 Thread 0x000001c2d2debd80 Exception <a 'java/lang/NoSuchMethodError'{0x000000062176f400}: 'java.lang.Object java.lang.invoke.DirectMethodHandle$Holder.newInvokeSpecial(java.lang.Object, java.lang.Object, long)'> (0x000000062176f400) 
thrown [s\src\hotspot\share\interpreter\linkResolver.cpp, line 759]
Event: 0.167 Thread 0x000001c2d2debd80 Exception <a 'java/lang/NoSuchMethodError'{0x00000006217736f0}: 'java.lang.Object java.lang.invoke.Invokers$Holder.linkToTargetMethod(java.lang.Object, long, java.lang.Object)'> (0x00000006217736f0) 
thrown [s\src\hotspot\share\interpreter\linkResolver.cpp, line 759]
Event: 0.168 Thread 0x000001c2d2debd80 Exception <a 'java/lang/NoSuchMethodError'{0x000000062177ae08}: 'int java.lang.invoke.DirectMethodHandle$Holder.invokeStaticInit(java.lang.Object, java.lang.Object, java.lang.Object, long)'> (0x000000062177ae08) 
thrown [s\src\hotspot\share\interpreter\linkResolver.cpp, line 759]
Event: 0.198 Thread 0x000001c2d2debd80 Exception <a 'sun/nio/fs/WindowsException'{0x00000006210839f0}> (0x00000006210839f0) 
thrown [s\src\hotspot\share\prims\jni.cpp, line 516]
Event: 0.198 Thread 0x000001c2d2debd80 Exception <a 'sun/nio/fs/WindowsException'{0x0000000621083d98}> (0x0000000621083d98) 
thrown [s\src\hotspot\share\prims\jni.cpp, line 516]
Event: 0.201 Thread 0x000001c2d2debd80 Exception <a 'sun/nio/fs/WindowsException'{0x0000000621097608}> (0x0000000621097608) 
thrown [s\src\hotspot\share\prims\jni.cpp, line 516]
Event: 0.201 Thread 0x000001c2d2debd80 Exception <a 'sun/nio/fs/WindowsException'{0x00000006210978e8}> (0x00000006210978e8) 
thrown [s\src\hotspot\share\prims\jni.cpp, line 516]

VM Operations (6 events):
Event: 0.067 Executing VM operation: HandshakeAllThreads
Event: 0.067 Executing VM operation: HandshakeAllThreads done
Event: 0.119 Executing VM operation: HandshakeAllThreads
Event: 0.119 Executing VM operation: HandshakeAllThreads done
Event: 0.137 Executing VM operation: HandshakeAllThreads
Event: 0.137 Executing VM operation: HandshakeAllThreads done

Events (20 events):
Event: 0.163 loading class sun/misc/Unsafe
Event: 0.163 loading class sun/misc/Unsafe done
Event: 0.163 loading class jdk/internal/reflect/UnsafeFieldAccessorFactory
Event: 0.163 loading class jdk/internal/reflect/UnsafeFieldAccessorFactory done
Event: 0.163 loading class jdk/internal/reflect/UnsafeQualifiedStaticObjectFieldAccessorImpl
Event: 0.163 loading class jdk/internal/reflect/UnsafeQualifiedStaticFieldAccessorImpl
Event: 0.163 loading class jdk/internal/reflect/UnsafeQualifiedStaticFieldAccessorImpl done
Event: 0.163 loading class jdk/internal/reflect/UnsafeQualifiedStaticObjectFieldAccessorImpl done
Event: 0.164 loading class java/util/function/LongPredicate
Event: 0.164 loading class java/util/function/LongPredicate done
Event: 0.165 loading class jdk/internal/access/foreign/MemorySegmentProxy
Event: 0.165 loading class jdk/internal/access/foreign/MemorySegmentProxy done
Event: 0.169 loading class java/nio/InvalidMarkException
Event: 0.169 loading class java/nio/InvalidMarkException done
Event: 0.169 loading class java/nio/BufferUnderflowException
Event: 0.169 loading class java/nio/BufferUnderflowException done
Event: 0.170 loading class java/lang/IndexOutOfBoundsException
Event: 0.170 loading class java/lang/IndexOutOfBoundsException done
Event: 0.204 loading class java/util/Formatter$FixedString
Event: 0.204 loading class java/util/Formatter$FixedString done


Dynamic libraries:
0x00007ff67c210000 - 0x00007ff67c21e000 	C:\Program Files\Eclipse Adoptium\jdk-17.0.5.8-hotspot\bin\java.exe
0x00007ff99f3f0000 - 0x00007ff99f604000 	C:\WINDOWS\SYSTEM32\ntdll.dll
0x00007ff99d4b0000 - 0x00007ff99d572000 	C:\WINDOWS\System32\KERNEL32.DLL
0x00007ff99ccb0000 - 0x00007ff99d053000 	C:\WINDOWS\System32\KERNELBASE.dll
0x00007ff99c8d0000 - 0x00007ff99c9e1000 	C:\WINDOWS\System32\ucrtbase.dll
0x00007ff9782c0000 - 0x00007ff9782d9000 	C:\Program Files\Eclipse Adoptium\jdk-17.0.5.8-hotspot\bin\VCRUNTIME140.dll
0x00007ff9782a0000 - 0x00007ff9782b7000 	C:\Program Files\Eclipse Adoptium\jdk-17.0.5.8-hotspot\bin\jli.dll
0x00007ff99ea90000 - 0x00007ff99ec3b000 	C:\WINDOWS\System32\USER32.dll
0x00007ff99cb10000 - 0x00007ff99cb36000 	C:\WINDOWS\System32\win32u.dll
0x00007ff981090000 - 0x00007ff98131e000 	C:\WINDOWS\WinSxS\amd64_microsoft.windows.common-controls_6595b64144ccf1df_6.0.22621.1635_none_270f70857386168e\COMCTL32.dll
0x00007ff99d6c0000 - 0x00007ff99d6e9000 	C:\WINDOWS\System32\GDI32.dll
0x00007ff99d610000 - 0x00007ff99d6b7000 	C:\WINDOWS\System32\msvcrt.dll
0x00007ff99c9f0000 - 0x00007ff99cb08000 	C:\WINDOWS\System32\gdi32full.dll
0x00007ff99d060000 - 0x00007ff99d0fa000 	C:\WINDOWS\System32\msvcp_win.dll
0x00007ff99f1c0000 - 0x00007ff99f1f1000 	C:\WINDOWS\System32\IMM32.DLL
0x00007ff991800000 - 0x00007ff99180c000 	C:\Program Files\Eclipse Adoptium\jdk-17.0.5.8-hotspot\bin\vcruntime140_1.dll
0x00007ff8f3ae0000 - 0x00007ff8f3b71000 	C:\Program Files\Eclipse Adoptium\jdk-17.0.5.8-hotspot\bin\msvcp140.dll
0x00007ff8c7d00000 - 0x00007ff8c8944000 	C:\Program Files\Eclipse Adoptium\jdk-17.0.5.8-hotspot\bin\server\jvm.dll
0x00007ff99d8a0000 - 0x00007ff99d94e000 	C:\WINDOWS\System32\ADVAPI32.dll
0x00007ff99f300000 - 0x00007ff99f3a4000 	C:\WINDOWS\System32\sechost.dll
0x00007ff99d390000 - 0x00007ff99d4a7000 	C:\WINDOWS\System32\RPCRT4.dll
0x00007ff997490000 - 0x00007ff997499000 	C:\WINDOWS\SYSTEM32\WSOCK32.dll
0x00007ff997440000 - 0x00007ff997474000 	C:\WINDOWS\SYSTEM32\WINMM.dll
0x00007ff994fd0000 - 0x00007ff994fda000 	C:\WINDOWS\SYSTEM32\VERSION.dll
0x00007ff99f140000 - 0x00007ff99f1b1000 	C:\WINDOWS\System32\WS2_32.dll
0x00007ff99b950000 - 0x00007ff99b968000 	C:\WINDOWS\SYSTEM32\kernel.appcore.dll
0x00007ff978290000 - 0x00007ff97829a000 	C:\Program Files\Eclipse Adoptium\jdk-17.0.5.8-hotspot\bin\jimage.dll
0x00007ff99a140000 - 0x00007ff99a36e000 	C:\WINDOWS\SYSTEM32\DBGHELP.DLL
0x00007ff99d950000 - 0x00007ff99dcd9000 	C:\WINDOWS\System32\combase.dll
0x00007ff99ee90000 - 0x00007ff99ef67000 	C:\WINDOWS\System32\OLEAUT32.dll
0x00007ff9946d0000 - 0x00007ff994702000 	C:\WINDOWS\SYSTEM32\dbgcore.DLL
0x00007ff99d170000 - 0x00007ff99d1eb000 	C:\WINDOWS\System32\bcryptPrimitives.dll
0x00007ff978260000 - 0x00007ff978285000 	C:\Program Files\Eclipse Adoptium\jdk-17.0.5.8-hotspot\bin\java.dll
0x00007ff8d7d70000 - 0x00007ff8d7e46000 	C:\Program Files\Eclipse Adoptium\jdk-17.0.5.8-hotspot\bin\jsvml.dll
0x00007ff99dd30000 - 0x00007ff99e52a000 	C:\WINDOWS\System32\SHELL32.dll
0x00007ff99a820000 - 0x00007ff99b0ee000 	C:\WINDOWS\SYSTEM32\windows.storage.dll
0x00007ff99a6e0000 - 0x00007ff99a81e000 	C:\WINDOWS\SYSTEM32\wintypes.dll
0x00007ff99f200000 - 0x00007ff99f2f1000 	C:\WINDOWS\System32\SHCORE.dll
0x00007ff99d580000 - 0x00007ff99d5de000 	C:\WINDOWS\System32\shlwapi.dll
0x00007ff99c740000 - 0x00007ff99c761000 	C:\WINDOWS\SYSTEM32\profapi.dll
0x00007ff9781f0000 - 0x00007ff978209000 	C:\Program Files\Eclipse Adoptium\jdk-17.0.5.8-hotspot\bin\net.dll
0x00007ff9979d0000 - 0x00007ff997b07000 	C:\WINDOWS\SYSTEM32\WINHTTP.dll
0x00007ff99bdc0000 - 0x00007ff99be29000 	C:\WINDOWS\system32\mswsock.dll
0x00007ff9781d0000 - 0x00007ff9781e5000 	C:\Program Files\Eclipse Adoptium\jdk-17.0.5.8-hotspot\bin\nio.dll
0x00007ff9781b0000 - 0x00007ff9781c8000 	C:\Program Files\Eclipse Adoptium\jdk-17.0.5.8-hotspot\bin\zip.dll
0x00007ff8f8280000 - 0x00007ff8f82fa000 	C:\Users\kunal\AppData\Local\Temp\lwjgl_kunal\3.3.2+13\x64\lwjgl.dll
0x00007ff8f7bb0000 - 0x00007ff8f7c32000 	C:\Users\kunal\AppData\Local\Temp\lwjgl_kunal\3.3.2+13\x64\glfw.dll
0x00007ff8f6a50000 - 0x00007ff8f6a96000 	C:\WINDOWS\SYSTEM32\dinput8.dll
0x00007ff955460000 - 0x00007ff955471000 	C:\WINDOWS\SYSTEM32\xinput1_4.dll
0x00007ff99c4e0000 - 0x00007ff99c52e000 	C:\WINDOWS\SYSTEM32\cfgmgr32.dll
0x00007ff99c4b0000 - 0x00007ff99c4dc000 	C:\WINDOWS\SYSTEM32\DEVOBJ.dll
0x00007ff999b60000 - 0x00007ff999b8b000 	C:\WINDOWS\SYSTEM32\dwmapi.dll
0x00007ff98bc70000 - 0x00007ff98be71000 	C:\WINDOWS\SYSTEM32\inputhost.dll
0x00007ff996dc0000 - 0x00007ff996ef3000 	C:\WINDOWS\SYSTEM32\CoreMessaging.dll
0x00007ff999890000 - 0x00007ff99993b000 	C:\WINDOWS\system32\uxtheme.dll
0x00007ff99c040000 - 0x00007ff99c04c000 	C:\WINDOWS\SYSTEM32\CRYPTBASE.DLL
0x00007ff99d780000 - 0x00007ff99d89e000 	C:\WINDOWS\System32\MSCTF.dll
0x00007ff95df80000 - 0x00007ff95dfde000 	C:\Users\kunal\AppData\Local\Temp\lwjgl_kunal\3.3.2+13\x64\lwjgl_opengl.dll
0x00007ff8ea4b0000 - 0x00007ff8ea5b0000 	C:\WINDOWS\SYSTEM32\opengl32.dll
0x00007ff8ea480000 - 0x00007ff8ea4ad000 	C:\WINDOWS\SYSTEM32\GLU32.dll
0x00007ff999b90000 - 0x00007ff999bc6000 	C:\WINDOWS\SYSTEM32\dxcore.dll

dbghelp: loaded successfully - version: 4.0.5 - missing functions: none
symbol engine: initialized successfully - sym options: 0x614 - pdb path: .;C:\Program Files\Eclipse Adoptium\jdk-17.0.5.8-hotspot\bin;C:\WINDOWS\SYSTEM32;C:\WINDOWS\WinSxS\amd64_microsoft.windows.common-controls_6595b64144ccf1df_6.0.22621.1635_none_270f70857386168e;C:\Program Files\Eclipse Adoptium\jdk-17.0.5.8-hotspot\bin\server;C:\Users\kunal\AppData\Local\Temp\lwjgl_kunal\3.3.2+13\x64

VM Arguments:
jvm_args: -XX:+ShowCodeDetailsInExceptionMessages 
java_command: src.Main
java_class_path (initial): C:\Users\kunal\AppData\Roaming\Code\User\workspaceStorage\c9358510f6eab301a7774dfe968a3fb0\redhat.java\jdt_ws\rubiks-cube-simulator_a226e5f1\bin;c:\Users\kunal\Documents\GitHub\rubiks-cube-simulator\lib\lwjgl\lwjgl-glfw\lwjgl-glfw-natives-macos.jar;c:\Users\kunal\Documents\GitHub\rubiks-cube-simulator\lib\lwjgl\lwjgl-assimp\lwjgl-assimp-natives-macos-arm64.jar;c:\Users\kunal\Documents\GitHub\rubiks-cube-simulator\lib\lwjgl\lwjgl-stb\lwjgl-stb-natives-macos.jar;c:\Users\kunal\Documents\GitHub\rubiks-cube-simulator\lib\lwjgl\lwjgl\lwjgl-natives-linux-arm64.jar;c:\Users\kunal\Documents\GitHub\rubiks-cube-simulator\lib\lwjgl\lwjgl-assimp\lwjgl-assimp-natives-windows.jar;c:\Users\kunal\Documents\GitHub\rubiks-cube-simulator\lib\lwjgl\lwjgl-assimp\lwjgl-assimp-natives-windows-arm64.jar;c:\Users\kunal\Documents\GitHub\rubiks-cube-simulator\lib\lwjgl\lwjgl-opengl\lwjgl-opengl-natives-linux-arm32.jar;c:\Users\kunal\Documents\GitHub\rubiks-cube-simulator\lib\lwjgl\lwjgl-stb\lwjgl-stb-natives-windows-x86.jar;c:\Users\kunal\Documents\GitHub\rubiks-cube-simulator\lib\lwjgl\lwjgl-opengl\lwjgl-opengl-javadoc.jar;c:\Users\kunal\Documents\GitHub\rubiks-cube-simulator\lib\lwjgl\lwjgl\lwjgl-natives-linux-arm32.jar;c:\Users\kunal\Documents\GitHub\rubiks-cube-simulator\lib\lwjgl\lwjgl-assimp\lwjgl-assimp-natives-linux-arm64.jar;c:\Users\kunal\Documents\GitHub\rubiks-cube-simulator\lib\lwjgl\lwjgl-stb\lwjgl-stb-natives-linux-arm32.jar;c:\Users\kunal\Documents\GitHub\rubiks-cube-simulator\lib\lwjgl\lwjgl\lwjgl-natives-windows-x86.jar;c:\Users\kunal\Documents\GitHub\rubiks-cube-simulator\lib\lwjgl\lwjgl\lwjgl-natives-linux.jar;c:\Users\kunal\Documents\GitHub\rubiks-cube-simulator\lib\lwjgl\lwjgl-glfw\lwjgl-glfw-natives-linux.jar;c:\Users\kunal\Documents\GitHub\rubiks-cube-simulator\lib\lwjgl\lwjgl-glfw\lwjgl-glfw-natives-windows.jar;c:\Users\kunal\Documents\GitHub\rubiks-cube-simulator\lib\lwjgl\lwjgl\lwjgl-natives-macos-arm64.jar;c:\Users\kunal\Documents\GitHu
Launcher Type: SUN_STANDARD

[Global flags]
     intx CICompilerCount                          = 12                                        {product} {ergonomic}
     uint ConcGCThreads                            = 3                                         {product} {ergonomic}
     uint G1ConcRefinementThreads                  = 13                                        {product} {ergonomic}
   size_t G1HeapRegionSize                         = 4194304                                   {product} {ergonomic}
    uintx GCDrainStackTargetSize                   = 64                                        {product} {ergonomic}
   size_t InitialHeapSize                          = 536870912                                 {product} {ergonomic}
   size_t MarkStackSize                            = 4194304                                   {product} {ergonomic}
   size_t MaxHeapSize                              = 8560574464                                {product} {ergonomic}
   size_t MaxNewSize                               = 5133828096                                {product} {ergonomic}
   size_t MinHeapDeltaBytes                        = 4194304                                   {product} {ergonomic}
   size_t MinHeapSize                              = 8388608                                   {product} {ergonomic}
    uintx NonNMethodCodeHeapSize                   = 7602480                                {pd product} {ergonomic}
    uintx NonProfiledCodeHeapSize                  = 122027880                              {pd product} {ergonomic}
    uintx ProfiledCodeHeapSize                     = 122027880                              {pd product} {ergonomic}
    uintx ReservedCodeCacheSize                    = 251658240                              {pd product} {ergonomic}
     bool SegmentedCodeCache                       = true                                      {product} {ergonomic}
     bool ShowCodeDetailsInExceptionMessages       = true                                   {manageable} {command line}
   size_t SoftMaxHeapSize                          = 8560574464                             {manageable} {ergonomic}
     bool UseCompressedClassPointers               = true                           {product lp64_product} {ergonomic}
     bool UseCompressedOops                        = true                           {product lp64_product} {ergonomic}
     bool UseG1GC                                  = true                                      {product} {ergonomic}
     bool UseLargePagesIndividualAllocation        = false                                  {pd product} {ergonomic}

Logging:
Log output configuration:
 #0: stdout all=warning uptime,level,tags
 #1: stderr all=off uptime,level,tags

Environment Variables:
PATH=C:\Program Files\Eclipse Adoptium\jdk-17.0.5.8-hotspot\bin;C:\Program Files\Eclipse Adoptium\jre-17.0.5.8-hotspot\bin;C:\WINDOWS\system32;C:\WINDOWS;C:\WINDOWS\System32\Wbem;C:\WINDOWS\System32\WindowsPowerShell\v1.0\;C:\WINDOWS\System32\OpenSSH\;C:\Program Files\NVIDIA Corporation\NVIDIA NvDLISR;C:\Program Files\Microsoft VS Code\bin;C:\Program Files (x86)\NVIDIA Corporation\PhysX\Common;C:\Program Files\dotnet\;C:\Program Files\PuTTY\;C:\Program Files (x86)\nodejs\;C:\ProgramData\chocolatey\bin;C:\Program Files\Microsoft SQL Server\150\Tools\Binn\;C:\Program Files\Microsoft SQL Server\Client SDK\ODBC\170\Tools\Binn\;C:\Program Files\Git\cmd;C:\Users\kunal\AppData\Local\Microsoft\WindowsApps;C:\Users\kunal\AppData\Roaming\npm;C:\Users\kunal\.dotnet\tools;C:\Users\kunal\AppData\Local\GitHubDesktop\bin
USERNAME=kunal
LANG=en_US.UTF-8
OS=Windows_NT
PROCESSOR_IDENTIFIER=AMD64 Family 25 Model 33 Stepping 2, AuthenticAMD
TMP=C:\Users\kunal\AppData\Local\Temp
TEMP=C:\Users\kunal\AppData\Local\Temp



---------------  S Y S T E M  ---------------

OS:
 Windows 11 , 64 bit Build 22621 (10.0.22621.1635)
OS uptime: 0 days 11:26 hours

CPU: total 16 (initial active 16) (16 cores per cpu, 2 threads per core) family 25 model 33 stepping 2 microcode 0x0, cx8, cmov, fxsr, ht, mmx, 3dnowpref, sse, sse2, sse3, ssse3, sse4a, sse4.1, sse4.2, popcnt, lzcnt, tsc, tscinvbit, avx, avx2, aes, erms, clmul, bmi1, bmi2, adx, sha, fma, vzeroupper, clflush, clflushopt

Memory: 4k page, system-wide physical 32654M (20447M free)
TotalPageFile size 37518M (AvailPageFile size 17951M)
current process WorkingSet (physical memory assigned to process): 51M, peak: 51M
current process commit charge ("private bytes"): 629M, peak: 629M

vm_info: OpenJDK 64-Bit Server VM (17.0.5+8) for windows-amd64 JRE (17.0.5+8), built on Oct 19 2022 04:48:13 by "temurin" with MS VC++ 16.7 (VS2019)

END.
